<?xml version="1.0" encoding="UTF-8"?>
<testsuite name="com.xgen.interview.ShoppingCartTest" tests="6" skipped="0" failures="0" errors="0" timestamp="2022-11-13T18:21:54" hostname="VS-LAPTOP" time="0.07">
  <properties/>
  <testcase name="doesntExplodeOnMysteryItem" classname="com.xgen.interview.ShoppingCartTest" time="0.049"/>
  <testcase name="canAddAnItem" classname="com.xgen.interview.ShoppingCartTest" time="0.003"/>
  <testcase name="canAddMoreThanOneItem" classname="com.xgen.interview.ShoppingCartTest" time="0.001"/>
  <testcase name="canAddDifferentItems" classname="com.xgen.interview.ShoppingCartTest" time="0.001"/>
  <testcase name="addMultipleObjectsWithNewFormat" classname="com.xgen.interview.ShoppingCartTest" time="0.014"/>
  <testcase name="changePrintingFormat" classname="com.xgen.interview.ShoppingCartTest" time="0.001"/>
  <system-out><![CDATA[]]></system-out>
  <system-err><![CDATA[]]></system-err>
</testsuite>
